<?xml version='1.0' encoding='UTF-8'?>
<testsuites>
  <testsuite name="Test Suite" device="Medium_Phone_API_36.0" tests="1" failures="1" time="23.718" timestamp="2026-08-24T17:06:24">
    <testcase id="Onboarding legal e início de jejum" name="Onboarding legal e início de jejum" classname="Onboarding legal e início de jejum" file=".maestro\onboarding_and_fasting.yaml" time="23.684" timestamp="2026-08-24T17:06:24" status="ERROR">
      <failure>Assertion is false: "Antes de começar" is visible</failure>
    </testcase>
  </testsuite>
</testsuites>
